<?xml version="1.0" encoding="UTF-8"?>
<testsuite xmlns:xsi="http://www.w3.org/2001/XMLSchema-instance" xsi:noNamespaceSchemaLocation="https://maven.apache.org/surefire/maven-surefire-plugin/xsd/surefire-test-report.xsd" name="edu.pitt.pmr25.pack.AppTest" time="0.092" tests="1" errors="0" skipped="0" failures="0">
  <properties>
    <property name="awt.toolkit" value="sun.awt.X11.XToolkit"/>
    <property name="java.specification.version" value="11"/>
    <property name="sun.cpu.isalist" value=""/>
    <property name="sun.jnu.encoding" value="UTF-8"/>
    <property name="java.class.path" value="/mnt/c/Users/Patrick/Documents/GitHub/sdl-game/tools/pack/target/test-classes:/mnt/c/Users/Patrick/Documents/GitHub/sdl-game/tools/pack/target/classes:/home/patrick/.m2/repository/junit/junit/4.11/junit-4.11.jar:/home/patrick/.m2/repository/org/hamcrest/hamcrest-core/1.3/hamcrest-core-1.3.jar:/home/patrick/.m2/repository/ar/com/hjg/pngj/2.1.0/pngj-2.1.0.jar:/home/patrick/.m2/repository/commons-io/commons-io/2.6/commons-io-2.6.jar:"/>
    <property name="java.vm.vendor" value="Oracle Corporation"/>
    <property name="sun.arch.data.model" value="64"/>
    <property name="java.vendor.url" value="http://java.oracle.com/"/>
    <property name="user.timezone" value=""/>
    <property name="java.vm.specification.version" value="11"/>
    <property name="os.name" value="Linux"/>
    <property name="sun.java.launcher" value="SUN_STANDARD"/>
    <property name="sun.boot.library.path" value="/usr/lib/jvm/java-11-oracle/lib"/>
    <property name="sun.java.command" value="/mnt/c/Users/Patrick/Documents/GitHub/sdl-game/tools/pack/target/surefire/surefirebooter10492669675425806762.jar /mnt/c/Users/Patrick/Documents/GitHub/sdl-game/tools/pack/target/surefire 2019-02-13T15-33-10_059-jvmRun1 surefire15882100802858190485tmp surefire_015675235187884485606tmp"/>
    <property name="jdk.debug" value="release"/>
    <property name="surefire.test.class.path" value="/mnt/c/Users/Patrick/Documents/GitHub/sdl-game/tools/pack/target/test-classes:/mnt/c/Users/Patrick/Documents/GitHub/sdl-game/tools/pack/target/classes:/home/patrick/.m2/repository/junit/junit/4.11/junit-4.11.jar:/home/patrick/.m2/repository/org/hamcrest/hamcrest-core/1.3/hamcrest-core-1.3.jar:/home/patrick/.m2/repository/ar/com/hjg/pngj/2.1.0/pngj-2.1.0.jar:/home/patrick/.m2/repository/commons-io/commons-io/2.6/commons-io-2.6.jar:"/>
    <property name="sun.cpu.endian" value="little"/>
    <property name="user.home" value="/home/patrick"/>
    <property name="user.language" value="en"/>
    <property name="java.specification.vendor" value="Oracle Corporation"/>
    <property name="java.version.date" value="2018-10-16"/>
    <property name="java.home" value="/usr/lib/jvm/java-11-oracle"/>
    <property name="file.separator" value="/"/>
    <property name="basedir" value="/mnt/c/Users/Patrick/Documents/GitHub/sdl-game/tools/pack"/>
    <property name="java.vm.compressedOopsMode" value="Zero based"/>
    <property name="line.separator" value="&#10;"/>
    <property name="java.specification.name" value="Java Platform API Specification"/>
    <property name="java.vm.specification.vendor" value="Oracle Corporation"/>
    <property name="java.awt.graphicsenv" value="sun.awt.X11GraphicsEnvironment"/>
    <property name="surefire.real.class.path" value="/mnt/c/Users/Patrick/Documents/GitHub/sdl-game/tools/pack/target/surefire/surefirebooter10492669675425806762.jar"/>
    <property name="sun.management.compiler" value="HotSpot 64-Bit Tiered Compilers"/>
    <property name="java.runtime.version" value="11.0.2+7-LTS"/>
    <property name="user.name" value="patrick"/>
    <property name="path.separator" value=":"/>
    <property name="os.version" value="4.4.0-17763-Microsoft"/>
    <property name="java.runtime.name" value="Java(TM) SE Runtime Environment"/>
    <property name="file.encoding" value="UTF-8"/>
    <property name="java.vm.name" value="Java HotSpot(TM) 64-Bit Server VM"/>
    <property name="java.vendor.version" value="18.9"/>
    <property name="localRepository" value="/home/patrick/.m2/repository"/>
    <property name="java.vendor.url.bug" value="http://bugreport.java.com/bugreport/"/>
    <property name="java.io.tmpdir" value="/tmp"/>
    <property name="java.version" value="11.0.2"/>
    <property name="user.dir" value="/mnt/c/Users/Patrick/Documents/GitHub/sdl-game/tools/pack"/>
    <property name="os.arch" value="amd64"/>
    <property name="java.vm.specification.name" value="Java Virtual Machine Specification"/>
    <property name="java.awt.printerjob" value="sun.print.PSPrinterJob"/>
    <property name="sun.os.patch.level" value="unknown"/>
    <property name="java.library.path" value="/usr/java/packages/lib:/usr/lib64:/lib64:/lib:/usr/lib"/>
    <property name="java.vendor" value="Oracle Corporation"/>
    <property name="java.vm.info" value="mixed mode"/>
    <property name="java.vm.version" value="11.0.2+7-LTS"/>
    <property name="sun.io.unicode.encoding" value="UnicodeLittle"/>
    <property name="java.class.version" value="55.0"/>
  </properties>
  <testcase name="shouldAnswerWithTrue" classname="edu.pitt.pmr25.pack.AppTest" time="0.004"/>
</testsuite>